This file contains any messages produced by compilers while
running configure, to aid debugging if configure makes a mistake.

It was created by covcrav configure 2.2, which was
generated by GNU Autoconf 2.69.  Invocation command line was

  $ ./configure 

## --------- ##
## Platform. ##
## --------- ##

hostname = toolbox
uname -m = x86_64
uname -r = 5.16.18-200.fc35.x86_64
uname -s = Linux
uname -v = #1 SMP PREEMPT Mon Mar 28 14:10:07 UTC 2022

/usr/bin/uname -p = x86_64
/bin/uname -X     = unknown

/bin/arch              = x86_64
/usr/bin/arch -k       = unknown
/usr/convex/getsysinfo = unknown
/usr/bin/hostinfo      = unknown
/bin/machine           = unknown
/usr/bin/oslevel       = unknown
/bin/universe          = unknown

PATH: /var/home/anouarchemek/.local/bin
PATH: /var/home/anouarchemek/bin
PATH: /usr/local/sbin
PATH: /usr/local/bin
PATH: /usr/sbin
PATH: /usr/bin
PATH: /sbin
PATH: /bin
PATH: /var/lib/snapd/snap/bin
PATH: /var/home/anouarchemek/gcc-linaro-6.3.1-2017.02-x86_64_arm-linux-gnueabihf/bin


## ----------- ##
## Core tests. ##
## ----------- ##

configure:2336: checking for a BSD-compatible install
configure:2404: result: /usr/bin/install -c
configure:2415: checking whether build environment is sane
configure:2470: result: yes
configure:2621: checking for a thread-safe mkdir -p
configure:2660: result: /usr/bin/mkdir -p
configure:2667: checking for gawk
configure:2683: found /usr/bin/gawk
configure:2694: result: gawk
configure:2705: checking whether make sets $(MAKE)
configure:2727: result: yes
configure:2756: checking whether make supports nested variables
configure:2773: result: yes
configure:2911: checking whether make supports nested variables
configure:2928: result: yes
configure:2988: checking for gcc
configure:3004: found /usr/bin/gcc
configure:3015: result: gcc
configure:3244: checking for C compiler version
configure:3253: gcc --version >&5
gcc (GCC) 11.2.1 20210728 (Red Hat 11.2.1-1)
Copyright (C) 2021 Free Software Foundation, Inc.
This is free software; see the source for copying conditions.  There is NO
warranty; not even for MERCHANTABILITY or FITNESS FOR A PARTICULAR PURPOSE.

configure:3264: $? = 0
configure:3253: gcc -v >&5
Using built-in specs.
COLLECT_GCC=gcc
COLLECT_LTO_WRAPPER=/usr/libexec/gcc/x86_64-redhat-linux/11/lto-wrapper
OFFLOAD_TARGET_NAMES=nvptx-none
OFFLOAD_TARGET_DEFAULT=1
Target: x86_64-redhat-linux
Configured with: ../configure --enable-bootstrap --enable-languages=c,c++,fortran,objc,obj-c++,ada,go,d,lto --prefix=/usr --mandir=/usr/share/man --infodir=/usr/share/info --with-bugurl=http://bugzilla.redhat.com/bugzilla --enable-shared --enable-threads=posix --enable-checking=release --enable-multilib --with-system-zlib --enable-__cxa_atexit --disable-libunwind-exceptions --enable-gnu-unique-object --enable-linker-build-id --with-gcc-major-version-only --with-linker-hash-style=gnu --enable-plugin --enable-initfini-array --with-isl=/builddir/build/BUILD/gcc-11.2.1-20210728/obj-x86_64-redhat-linux/isl-install --enable-offload-targets=nvptx-none --without-cuda-driver --enable-gnu-indirect-function --enable-cet --with-tune=generic --with-arch_32=i686 --build=x86_64-redhat-linux --with-build-config=bootstrap-lto --enable-link-serialization=1
Thread model: posix
Supported LTO compression algorithms: zlib zstd
gcc version 11.2.1 20210728 (Red Hat 11.2.1-1) (GCC) 
... rest of stderr output deleted ...
configure:3264: $? = 0
configure:3253: gcc -V >&5
gcc: error: unrecognized command-line option '-V'
gcc: fatal error: no input files
compilation terminated.
configure:3264: $? = 1
configure:3253: gcc -qversion >&5
gcc: error: unrecognized command-line option '-qversion'; did you mean '--version'?
gcc: fatal error: no input files
compilation terminated.
configure:3264: $? = 1
configure:3284: checking whether the C compiler works
configure:3306: gcc    conftest.c  >&5
configure:3310: $? = 0
configure:3358: result: yes
configure:3361: checking for C compiler default output file name
configure:3363: result: a.out
configure:3369: checking for suffix of executables
configure:3376: gcc -o conftest    conftest.c  >&5
configure:3380: $? = 0
configure:3402: result: 
configure:3424: checking whether we are cross compiling
configure:3432: gcc -o conftest    conftest.c  >&5
configure:3436: $? = 0
configure:3443: ./conftest
configure:3447: $? = 0
configure:3462: result: no
configure:3467: checking for suffix of object files
configure:3489: gcc -c   conftest.c >&5
configure:3493: $? = 0
configure:3514: result: o
configure:3518: checking whether we are using the GNU C compiler
configure:3537: gcc -c   conftest.c >&5
configure:3537: $? = 0
configure:3546: result: yes
configure:3555: checking whether gcc accepts -g
configure:3575: gcc -c -g  conftest.c >&5
configure:3575: $? = 0
configure:3616: result: yes
configure:3633: checking for gcc option to accept ISO C89
configure:3696: gcc  -c -g -O2  conftest.c >&5
configure:3696: $? = 0
configure:3709: result: none needed
configure:3734: checking whether gcc understands -c and -o together
configure:3756: gcc -c conftest.c -o conftest2.o
configure:3759: $? = 0
configure:3756: gcc -c conftest.c -o conftest2.o
configure:3759: $? = 0
configure:3771: result: yes
configure:3791: checking whether make supports the include directive
configure:3806: make -f confmf.GNU && cat confinc.out
this is the am__doit target
configure:3809: $? = 0
configure:3828: result: yes (GNU style)
configure:3853: checking dependency style of gcc
configure:3964: result: gcc3
configure:3984: checking whether NLS is requested
configure:3993: result: yes
configure:4011: checking for intltool >= 0.35.0
configure:4013: result: 0.51.0 found
configure:4021: checking for intltool-update
configure:4039: found /usr/bin/intltool-update
configure:4051: result: /usr/bin/intltool-update
configure:4061: checking for intltool-merge
configure:4079: found /usr/bin/intltool-merge
configure:4091: result: /usr/bin/intltool-merge
configure:4101: checking for intltool-extract
configure:4119: found /usr/bin/intltool-extract
configure:4131: result: /usr/bin/intltool-extract
configure:4285: checking for xgettext
configure:4303: found /usr/bin/xgettext
configure:4315: result: /usr/bin/xgettext
configure:4325: checking for msgmerge
configure:4343: found /usr/bin/msgmerge
configure:4355: result: /usr/bin/msgmerge
configure:4365: checking for msgfmt
configure:4383: found /usr/bin/msgfmt
configure:4395: result: /usr/bin/msgfmt
configure:4405: checking for gmsgfmt
configure:4436: result: /usr/bin/msgfmt
configure:4456: checking for perl
configure:4474: found /usr/bin/perl
configure:4486: result: /usr/bin/perl
configure:4497: checking for perl >= 5.8.1
configure:4504: result: 5.34.0
configure:4508: checking for XML::Parser
configure:4511: result: ok
configure:4539: checking how to run the C preprocessor
configure:4570: gcc -E  conftest.c
configure:4570: $? = 0
configure:4584: gcc -E  conftest.c
conftest.c:12:10: fatal error: ac_nonexistent.h: No such file or directory
   12 | #include <ac_nonexistent.h>
      |          ^~~~~~~~~~~~~~~~~~
compilation terminated.
configure:4584: $? = 1
configure: failed program was:
| /* confdefs.h */
| #define PACKAGE_NAME "covcrav"
| #define PACKAGE_TARNAME "covcrav"
| #define PACKAGE_VERSION "2.2"
| #define PACKAGE_STRING "covcrav 2.2"
| #define PACKAGE_BUGREPORT ""
| #define PACKAGE_URL ""
| #define PACKAGE "covcrav"
| #define VERSION "2.2"
| #define GETTEXT_PACKAGE "covcrav"
| /* end confdefs.h.  */
| #include <ac_nonexistent.h>
configure:4609: result: gcc -E
configure:4629: gcc -E  conftest.c
configure:4629: $? = 0
configure:4643: gcc -E  conftest.c
conftest.c:12:10: fatal error: ac_nonexistent.h: No such file or directory
   12 | #include <ac_nonexistent.h>
      |          ^~~~~~~~~~~~~~~~~~
compilation terminated.
configure:4643: $? = 1
configure: failed program was:
| /* confdefs.h */
| #define PACKAGE_NAME "covcrav"
| #define PACKAGE_TARNAME "covcrav"
| #define PACKAGE_VERSION "2.2"
| #define PACKAGE_STRING "covcrav 2.2"
| #define PACKAGE_BUGREPORT ""
| #define PACKAGE_URL ""
| #define PACKAGE "covcrav"
| #define VERSION "2.2"
| #define GETTEXT_PACKAGE "covcrav"
| /* end confdefs.h.  */
| #include <ac_nonexistent.h>
configure:4672: checking for grep that handles long lines and -e
configure:4730: result: /usr/bin/grep
configure:4735: checking for egrep
configure:4797: result: /usr/bin/grep -E
configure:4802: checking for ANSI C header files
configure:4822: gcc -c -g -O2  conftest.c >&5
configure:4822: $? = 0
configure:4895: gcc -o conftest -g -O2   conftest.c  >&5
configure:4895: $? = 0
configure:4895: ./conftest
configure:4895: $? = 0
configure:4906: result: yes
configure:4919: checking for sys/types.h
configure:4919: gcc -c -g -O2  conftest.c >&5
configure:4919: $? = 0
configure:4919: result: yes
configure:4919: checking for sys/stat.h
configure:4919: gcc -c -g -O2  conftest.c >&5
configure:4919: $? = 0
configure:4919: result: yes
configure:4919: checking for stdlib.h
configure:4919: gcc -c -g -O2  conftest.c >&5
configure:4919: $? = 0
configure:4919: result: yes
configure:4919: checking for string.h
configure:4919: gcc -c -g -O2  conftest.c >&5
configure:4919: $? = 0
configure:4919: result: yes
configure:4919: checking for memory.h
configure:4919: gcc -c -g -O2  conftest.c >&5
configure:4919: $? = 0
configure:4919: result: yes
configure:4919: checking for strings.h
configure:4919: gcc -c -g -O2  conftest.c >&5
configure:4919: $? = 0
configure:4919: result: yes
configure:4919: checking for inttypes.h
configure:4919: gcc -c -g -O2  conftest.c >&5
configure:4919: $? = 0
configure:4919: result: yes
configure:4919: checking for stdint.h
configure:4919: gcc -c -g -O2  conftest.c >&5
configure:4919: $? = 0
configure:4919: result: yes
configure:4919: checking for unistd.h
configure:4919: gcc -c -g -O2  conftest.c >&5
configure:4919: $? = 0
configure:4919: result: yes
configure:4934: checking locale.h usability
configure:4934: gcc -c -g -O2  conftest.c >&5
configure:4934: $? = 0
configure:4934: result: yes
configure:4934: checking locale.h presence
configure:4934: gcc -E  conftest.c
configure:4934: $? = 0
configure:4934: result: yes
configure:4934: checking for locale.h
configure:4934: result: yes
configure:4945: checking for LC_MESSAGES
configure:4961: gcc -o conftest -g -O2   conftest.c  >&5
configure:4961: $? = 0
configure:4969: result: yes
configure:4987: checking for CFPreferencesCopyAppValue
configure:5005: gcc -o conftest -g -O2   conftest.c  -Wl,-framework -Wl,CoreFoundation >&5
conftest.c:24:10: fatal error: CoreFoundation/CFPreferences.h: No such file or directory
   24 | #include <CoreFoundation/CFPreferences.h>
      |          ^~~~~~~~~~~~~~~~~~~~~~~~~~~~~~~~
compilation terminated.
configure:5005: $? = 1
configure: failed program was:
| /* confdefs.h */
| #define PACKAGE_NAME "covcrav"
| #define PACKAGE_TARNAME "covcrav"
| #define PACKAGE_VERSION "2.2"
| #define PACKAGE_STRING "covcrav 2.2"
| #define PACKAGE_BUGREPORT ""
| #define PACKAGE_URL ""
| #define PACKAGE "covcrav"
| #define VERSION "2.2"
| #define GETTEXT_PACKAGE "covcrav"
| #define STDC_HEADERS 1
| #define HAVE_SYS_TYPES_H 1
| #define HAVE_SYS_STAT_H 1
| #define HAVE_STDLIB_H 1
| #define HAVE_STRING_H 1
| #define HAVE_MEMORY_H 1
| #define HAVE_STRINGS_H 1
| #define HAVE_INTTYPES_H 1
| #define HAVE_STDINT_H 1
| #define HAVE_UNISTD_H 1
| #define HAVE_LOCALE_H 1
| #define HAVE_LC_MESSAGES 1
| /* end confdefs.h.  */
| #include <CoreFoundation/CFPreferences.h>
| int
| main ()
| {
| CFPreferencesCopyAppValue(NULL, NULL)
|   ;
|   return 0;
| }
configure:5014: result: no
configure:5021: checking for CFLocaleCopyCurrent
configure:5039: gcc -o conftest -g -O2   conftest.c  -Wl,-framework -Wl,CoreFoundation >&5
conftest.c:24:10: fatal error: CoreFoundation/CFLocale.h: No such file or directory
   24 | #include <CoreFoundation/CFLocale.h>
      |          ^~~~~~~~~~~~~~~~~~~~~~~~~~~
compilation terminated.
configure:5039: $? = 1
configure: failed program was:
| /* confdefs.h */
| #define PACKAGE_NAME "covcrav"
| #define PACKAGE_TARNAME "covcrav"
| #define PACKAGE_VERSION "2.2"
| #define PACKAGE_STRING "covcrav 2.2"
| #define PACKAGE_BUGREPORT ""
| #define PACKAGE_URL ""
| #define PACKAGE "covcrav"
| #define VERSION "2.2"
| #define GETTEXT_PACKAGE "covcrav"
| #define STDC_HEADERS 1
| #define HAVE_SYS_TYPES_H 1
| #define HAVE_SYS_STAT_H 1
| #define HAVE_STDLIB_H 1
| #define HAVE_STRING_H 1
| #define HAVE_MEMORY_H 1
| #define HAVE_STRINGS_H 1
| #define HAVE_INTTYPES_H 1
| #define HAVE_STDINT_H 1
| #define HAVE_UNISTD_H 1
| #define HAVE_LOCALE_H 1
| #define HAVE_LC_MESSAGES 1
| /* end confdefs.h.  */
| #include <CoreFoundation/CFLocale.h>
| int
| main ()
| {
| CFLocaleCopyCurrent();
|   ;
|   return 0;
| }
configure:5048: result: no
configure:5062: checking libintl.h usability
configure:5062: gcc -c -g -O2  conftest.c >&5
configure:5062: $? = 0
configure:5062: result: yes
configure:5062: checking libintl.h presence
configure:5062: gcc -E  conftest.c
configure:5062: $? = 0
configure:5062: result: yes
configure:5062: checking for libintl.h
configure:5062: result: yes
configure:5070: checking for ngettext in libc
configure:5088: gcc -o conftest -g -O2   conftest.c  >&5
configure:5088: $? = 0
configure:5097: result: yes
configure:5101: checking for dgettext in libc
configure:5119: gcc -o conftest -g -O2   conftest.c  >&5
configure:5119: $? = 0
configure:5128: result: yes
configure:5135: checking for bind_textdomain_codeset
configure:5135: gcc -o conftest -g -O2   conftest.c  >&5
configure:5135: $? = 0
configure:5135: result: yes
configure:5411: checking for msgfmt
configure:5438: result: /usr/bin/msgfmt
configure:5449: checking for dcgettext
configure:5449: gcc -o conftest -g -O2   conftest.c   >&5
conftest.c:49:6: warning: conflicting types for built-in function 'dcgettext'; expected 'char *(const char *, const char *, int)' [-Wbuiltin-declaration-mismatch]
   49 | char dcgettext ();
      |      ^~~~~~~~~
configure:5449: $? = 0
configure:5449: result: yes
configure:5459: checking if msgfmt accepts -c
configure:5474: $MSGFMT -c -o /dev/null conftest.foo
conftest.foo:3: warning: header field 'Language' missing in header
configure:5477: $? = 0
configure:5479: result: yes
configure:5489: checking for gmsgfmt
configure:5520: result: /usr/bin/msgfmt
configure:5530: checking for xgettext
configure:5557: result: /usr/bin/xgettext
configure:5576: gcc -o conftest -g -O2   conftest.c   >&5
configure:5576: $? = 0
configure:5749: checking build system type
configure:5763: result: x86_64-pc-linux-gnu
configure:5783: checking host system type
configure:5796: result: x86_64-pc-linux-gnu
configure:5837: checking how to print strings
configure:5864: result: printf
configure:5885: checking for a sed that does not truncate output
configure:5949: result: /usr/bin/sed
configure:5967: checking for fgrep
configure:6029: result: /usr/bin/grep -F
configure:6064: checking for ld used by gcc
configure:6131: result: /usr/bin/ld
configure:6138: checking if the linker (/usr/bin/ld) is GNU ld
configure:6153: result: yes
configure:6165: checking for BSD- or MS-compatible name lister (nm)
configure:6219: result: /usr/bin/nm -B
configure:6349: checking the name lister (/usr/bin/nm -B) interface
configure:6356: gcc -c -g -O2  conftest.c >&5
configure:6359: /usr/bin/nm -B "conftest.o"
configure:6362: output
0000000000000000 B some_variable
configure:6369: result: BSD nm
configure:6372: checking whether ln -s works
configure:6376: result: yes
configure:6384: checking the maximum length of command line arguments
configure:6515: result: 1572864
configure:6563: checking how to convert x86_64-pc-linux-gnu file names to x86_64-pc-linux-gnu format
configure:6603: result: func_convert_file_noop
configure:6610: checking how to convert x86_64-pc-linux-gnu file names to toolchain format
configure:6630: result: func_convert_file_noop
configure:6637: checking for /usr/bin/ld option to reload object files
configure:6644: result: -r
configure:6718: checking for objdump
configure:6734: found /usr/bin/objdump
configure:6745: result: objdump
configure:6777: checking how to recognize dependent libraries
configure:6977: result: pass_all
configure:7062: checking for dlltool
configure:7092: result: no
configure:7122: checking how to associate runtime and link libraries
configure:7149: result: printf %s\n
configure:7209: checking for ar
configure:7225: found /usr/bin/ar
configure:7236: result: ar
configure:7273: checking for archiver @FILE support
configure:7290: gcc -c -g -O2  conftest.c >&5
configure:7290: $? = 0
configure:7293: ar cru libconftest.a @conftest.lst >&5
configure:7296: $? = 0
configure:7301: ar cru libconftest.a @conftest.lst >&5
ar: conftest.o: No such file or directory
configure:7304: $? = 1
configure:7316: result: @
configure:7374: checking for strip
configure:7390: found /usr/bin/strip
configure:7401: result: strip
configure:7473: checking for ranlib
configure:7489: found /usr/bin/ranlib
configure:7500: result: ranlib
configure:7602: checking command to parse /usr/bin/nm -B output from gcc object
configure:7755: gcc -c -g -O2  conftest.c >&5
configure:7758: $? = 0
configure:7762: /usr/bin/nm -B conftest.o \| sed -n -e 's/^.*[ ]\([ABCDGIRSTW][ABCDGIRSTW]*\)[ ][ ]*\([_A-Za-z][_A-Za-z0-9]*\)$/\1 \2 \2/p' | sed '/ __gnu_lto/d' \> conftest.nm
configure:7765: $? = 0
configure:7831: gcc -o conftest -g -O2   conftest.c conftstm.o >&5
configure:7834: $? = 0
configure:7872: result: ok
configure:7919: checking for sysroot
configure:7949: result: no
configure:7956: checking for a working dd
configure:7994: result: /usr/bin/dd
configure:7998: checking how to truncate binary pipes
configure:8013: result: /usr/bin/dd bs=4096 count=1
configure:8149: gcc -c -g -O2  conftest.c >&5
configure:8152: $? = 0
configure:8342: checking for mt
configure:8372: result: no
configure:8392: checking if : is a manifest tool
configure:8398: : '-?'
configure:8406: result: no
configure:9080: checking for dlfcn.h
configure:9080: gcc -c -g -O2  conftest.c >&5
configure:9080: $? = 0
configure:9080: result: yes
configure:9336: checking for objdir
configure:9351: result: .libs
configure:9611: checking if gcc supports -fno-rtti -fno-exceptions
configure:9629: gcc -c -g -O2  -fno-rtti -fno-exceptions conftest.c >&5
cc1: warning: command-line option '-fno-rtti' is valid for C++/D/ObjC++ but not for C
configure:9633: $? = 0
configure:9646: result: no
configure:10004: checking for gcc option to produce PIC
configure:10011: result: -fPIC -DPIC
configure:10019: checking if gcc PIC flag -fPIC -DPIC works
configure:10037: gcc -c -g -O2  -fPIC -DPIC -DPIC conftest.c >&5
configure:10041: $? = 0
configure:10054: result: yes
configure:10083: checking if gcc static flag -static works
configure:10111: result: no
configure:10126: checking if gcc supports -c -o file.o
configure:10147: gcc -c -g -O2  -o out/conftest2.o conftest.c >&5
configure:10151: $? = 0
configure:10173: result: yes
configure:10181: checking if gcc supports -c -o file.o
configure:10228: result: yes
configure:10261: checking whether the gcc linker (/usr/bin/ld -m elf_x86_64) supports shared libraries
configure:11520: result: yes
configure:11557: checking whether -lc should be explicitly linked in
configure:11565: gcc -c -g -O2  conftest.c >&5
configure:11568: $? = 0
configure:11583: gcc -shared  -fPIC -DPIC conftest.o  -v -Wl,-soname -Wl,conftest -o conftest 2\>\&1 \| /usr/bin/grep  -lc  \>/dev/null 2\>\&1
configure:11586: $? = 0
configure:11600: result: no
configure:11760: checking dynamic linker characteristics
configure:12341: gcc -o conftest -g -O2   -Wl,-rpath -Wl,/foo conftest.c  >&5
configure:12341: $? = 0
configure:12581: result: GNU/Linux ld.so
configure:12703: checking how to hardcode library paths into programs
configure:12728: result: immediate
configure:13276: checking whether stripping libraries is possible
configure:13281: result: yes
configure:13316: checking if libtool supports shared libraries
configure:13318: result: yes
configure:13321: checking whether to build shared libraries
configure:13346: result: yes
configure:13349: checking whether to build static libraries
configure:13353: result: yes
configure:13446: checking for pkg-config
configure:13464: found /usr/bin/pkg-config
configure:13476: result: /usr/bin/pkg-config
configure:13501: checking pkg-config is at least version 0.9.0
configure:13504: result: yes
configure:13514: checking for COVCRAV
configure:13521: $PKG_CONFIG --exists --print-errors "gtk+-3.0 sdl SDL_mixer libconfuse gtk+-3.0"
configure:13524: $? = 0
configure:13538: $PKG_CONFIG --exists --print-errors "gtk+-3.0 sdl SDL_mixer libconfuse gtk+-3.0"
configure:13541: $? = 0
configure:13599: result: yes
configure:13710: checking that generated files are newer than configure
configure:13716: result: done
configure:13743: creating ./config.status

## ---------------------- ##
## Running config.status. ##
## ---------------------- ##

This file was extended by covcrav config.status 2.2, which was
generated by GNU Autoconf 2.69.  Invocation command line was

  CONFIG_FILES    = 
  CONFIG_HEADERS  = 
  CONFIG_LINKS    = 
  CONFIG_COMMANDS = 
  $ ./config.status 

on toolbox

config.status:1174: creating Makefile
config.status:1174: creating src/Makefile
config.status:1174: creating po/Makefile.in
config.status:1174: creating config.h
config.status:1355: config.h is unchanged
config.status:1403: executing depfiles commands
config.status:1480: cd src       && sed -e '/# am--include-marker/d' Makefile         | make -f - am--depfiles
make: Nothing to be done for 'am--depfiles'.
config.status:1485: $? = 0
config.status:1403: executing default-1 commands
config.status:1403: executing libtool commands
config.status:1403: executing po/stamp-it commands

## ---------------- ##
## Cache variables. ##
## ---------------- ##

ac_cv_build=x86_64-pc-linux-gnu
ac_cv_c_compiler_gnu=yes
ac_cv_env_CC_set=
ac_cv_env_CC_value=
ac_cv_env_CFLAGS_set=
ac_cv_env_CFLAGS_value=
ac_cv_env_COVCRAV_CFLAGS_set=
ac_cv_env_COVCRAV_CFLAGS_value=
ac_cv_env_COVCRAV_LIBS_set=
ac_cv_env_COVCRAV_LIBS_value=
ac_cv_env_CPPFLAGS_set=
ac_cv_env_CPPFLAGS_value=
ac_cv_env_CPP_set=
ac_cv_env_CPP_value=
ac_cv_env_LDFLAGS_set=
ac_cv_env_LDFLAGS_value=
ac_cv_env_LIBS_set=
ac_cv_env_LIBS_value=
ac_cv_env_LT_SYS_LIBRARY_PATH_set=
ac_cv_env_LT_SYS_LIBRARY_PATH_value=
ac_cv_env_PKG_CONFIG_LIBDIR_set=
ac_cv_env_PKG_CONFIG_LIBDIR_value=
ac_cv_env_PKG_CONFIG_PATH_set=
ac_cv_env_PKG_CONFIG_PATH_value=
ac_cv_env_PKG_CONFIG_set=
ac_cv_env_PKG_CONFIG_value=
ac_cv_env_build_alias_set=
ac_cv_env_build_alias_value=
ac_cv_env_host_alias_set=
ac_cv_env_host_alias_value=
ac_cv_env_target_alias_set=
ac_cv_env_target_alias_value=
ac_cv_func_bind_textdomain_codeset=yes
ac_cv_func_dcgettext=yes
ac_cv_header_dlfcn_h=yes
ac_cv_header_inttypes_h=yes
ac_cv_header_libintl_h=yes
ac_cv_header_locale_h=yes
ac_cv_header_memory_h=yes
ac_cv_header_stdc=yes
ac_cv_header_stdint_h=yes
ac_cv_header_stdlib_h=yes
ac_cv_header_string_h=yes
ac_cv_header_strings_h=yes
ac_cv_header_sys_stat_h=yes
ac_cv_header_sys_types_h=yes
ac_cv_header_unistd_h=yes
ac_cv_host=x86_64-pc-linux-gnu
ac_cv_objext=o
ac_cv_path_EGREP='/usr/bin/grep -E'
ac_cv_path_FGREP='/usr/bin/grep -F'
ac_cv_path_GMSGFMT=/usr/bin/msgfmt
ac_cv_path_GREP=/usr/bin/grep
ac_cv_path_INTLTOOL_EXTRACT=/usr/bin/intltool-extract
ac_cv_path_INTLTOOL_MERGE=/usr/bin/intltool-merge
ac_cv_path_INTLTOOL_PERL=/usr/bin/perl
ac_cv_path_INTLTOOL_UPDATE=/usr/bin/intltool-update
ac_cv_path_MSGFMT=/usr/bin/msgfmt
ac_cv_path_MSGMERGE=/usr/bin/msgmerge
ac_cv_path_SED=/usr/bin/sed
ac_cv_path_XGETTEXT=/usr/bin/xgettext
ac_cv_path_ac_pt_PKG_CONFIG=/usr/bin/pkg-config
ac_cv_path_install='/usr/bin/install -c'
ac_cv_path_lt_DD=/usr/bin/dd
ac_cv_path_mkdir=/usr/bin/mkdir
ac_cv_prog_AWK=gawk
ac_cv_prog_CPP='gcc -E'
ac_cv_prog_ac_ct_AR=ar
ac_cv_prog_ac_ct_CC=gcc
ac_cv_prog_ac_ct_OBJDUMP=objdump
ac_cv_prog_ac_ct_RANLIB=ranlib
ac_cv_prog_ac_ct_STRIP=strip
ac_cv_prog_cc_c89=
ac_cv_prog_cc_g=yes
ac_cv_prog_make_make_set=yes
am_cv_CC_dependencies_compiler_type=gcc3
am_cv_make_support_nested_variables=yes
am_cv_prog_cc_c_o=yes
am_cv_val_LC_MESSAGES=yes
gt_cv_func_CFLocaleCopyCurrent=no
gt_cv_func_CFPreferencesCopyAppValue=no
gt_cv_func_dgettext_libc=yes
gt_cv_func_dgettext_libintl=no
gt_cv_func_ngettext_libc=yes
gt_cv_have_gettext=yes
lt_cv_ar_at_file=@
lt_cv_archive_cmds_need_lc=no
lt_cv_deplibs_check_method=pass_all
lt_cv_file_magic_cmd='$MAGIC_CMD'
lt_cv_file_magic_test_file=
lt_cv_ld_reload_flag=-r
lt_cv_nm_interface='BSD nm'
lt_cv_objdir=.libs
lt_cv_path_LD=/usr/bin/ld
lt_cv_path_NM='/usr/bin/nm -B'
lt_cv_path_mainfest_tool=no
lt_cv_prog_compiler_c_o=yes
lt_cv_prog_compiler_pic='-fPIC -DPIC'
lt_cv_prog_compiler_pic_works=yes
lt_cv_prog_compiler_rtti_exceptions=no
lt_cv_prog_compiler_static_works=no
lt_cv_prog_gnu_ld=yes
lt_cv_sharedlib_from_linklib_cmd='printf %s\n'
lt_cv_shlibpath_overrides_runpath=yes
lt_cv_sys_global_symbol_pipe='sed -n -e '\''s/^.*[	 ]\([ABCDGIRSTW][ABCDGIRSTW]*\)[	 ][	 ]*\([_A-Za-z][_A-Za-z0-9]*\)$/\1 \2 \2/p'\'' | sed '\''/ __gnu_lto/d'\'''
lt_cv_sys_global_symbol_to_c_name_address='sed -n -e '\''s/^: \(.*\) .*$/  {"\1", (void *) 0},/p'\'' -e '\''s/^[ABCDGIRSTW][ABCDGIRSTW]* .* \(.*\)$/  {"\1", (void *) \&\1},/p'\'''
lt_cv_sys_global_symbol_to_c_name_address_lib_prefix='sed -n -e '\''s/^: \(.*\) .*$/  {"\1", (void *) 0},/p'\'' -e '\''s/^[ABCDGIRSTW][ABCDGIRSTW]* .* \(lib.*\)$/  {"\1", (void *) \&\1},/p'\'' -e '\''s/^[ABCDGIRSTW][ABCDGIRSTW]* .* \(.*\)$/  {"lib\1", (void *) \&\1},/p'\'''
lt_cv_sys_global_symbol_to_cdecl='sed -n -e '\''s/^T .* \(.*\)$/extern int \1();/p'\'' -e '\''s/^[ABCDGIRSTW][ABCDGIRSTW]* .* \(.*\)$/extern char \1;/p'\'''
lt_cv_sys_global_symbol_to_import=
lt_cv_sys_max_cmd_len=1572864
lt_cv_to_host_file_cmd=func_convert_file_noop
lt_cv_to_tool_file_cmd=func_convert_file_noop
lt_cv_truncate_bin='/usr/bin/dd bs=4096 count=1'
pkg_cv_COVCRAV_CFLAGS='-I/usr/include/gtk-3.0 -I/usr/include/pango-1.0 -I/usr/include/glib-2.0 -I/usr/lib64/glib-2.0/include -I/usr/include/sysprof-4 -I/usr/include/harfbuzz -I/usr/include/freetype2 -I/usr/include/libpng16 -I/usr/include/libmount -I/usr/include/blkid -I/usr/include/fribidi -I/usr/include/libxml2 -I/usr/include/cairo -I/usr/include/pixman-1 -I/usr/include/gdk-pixbuf-2.0 -I/usr/include/gio-unix-2.0 -I/usr/include/cloudproviders -I/usr/include/atk-1.0 -I/usr/include/at-spi2-atk/2.0 -I/usr/include/dbus-1.0 -I/usr/lib64/dbus-1.0/include -I/usr/include/at-spi-2.0 -I/usr/include/SDL -D_GNU_SOURCE=1 -D_REENTRANT -pthread '
pkg_cv_COVCRAV_LIBS='-lSDL_mixer -lSDL -lconfuse -lgtk-3 -lgdk-3 -lz -lpangocairo-1.0 -lpango-1.0 -lharfbuzz -latk-1.0 -lcairo-gobject -lcairo -lgdk_pixbuf-2.0 -lgio-2.0 -lgobject-2.0 -lglib-2.0 '

## ----------------- ##
## Output variables. ##
## ----------------- ##

ACLOCAL='${SHELL} /var/home/anouarchemek/Documents/covCrav/covCrav/covcrav2/missing aclocal-1.16'
ALL_LINGUAS=''
AMDEPBACKSLASH='\'
AMDEP_FALSE='#'
AMDEP_TRUE=''
AMTAR='$${TAR-tar}'
AM_BACKSLASH='\'
AM_DEFAULT_V='$(AM_DEFAULT_VERBOSITY)'
AM_DEFAULT_VERBOSITY='0'
AM_V='$(V)'
AR='ar'
AUTOCONF='${SHELL} /var/home/anouarchemek/Documents/covCrav/covCrav/covcrav2/missing autoconf'
AUTOHEADER='${SHELL} /var/home/anouarchemek/Documents/covCrav/covCrav/covcrav2/missing autoheader'
AUTOMAKE='${SHELL} /var/home/anouarchemek/Documents/covCrav/covCrav/covcrav2/missing automake-1.16'
AWK='gawk'
CATALOGS=''
CATOBJEXT='.gmo'
CC='gcc'
CCDEPMODE='depmode=gcc3'
CFLAGS='-g -O2'
COVCRAV_CFLAGS='-I/usr/include/gtk-3.0 -I/usr/include/pango-1.0 -I/usr/include/glib-2.0 -I/usr/lib64/glib-2.0/include -I/usr/include/sysprof-4 -I/usr/include/harfbuzz -I/usr/include/freetype2 -I/usr/include/libpng16 -I/usr/include/libmount -I/usr/include/blkid -I/usr/include/fribidi -I/usr/include/libxml2 -I/usr/include/cairo -I/usr/include/pixman-1 -I/usr/include/gdk-pixbuf-2.0 -I/usr/include/gio-unix-2.0 -I/usr/include/cloudproviders -I/usr/include/atk-1.0 -I/usr/include/at-spi2-atk/2.0 -I/usr/include/dbus-1.0 -I/usr/lib64/dbus-1.0/include -I/usr/include/at-spi-2.0 -I/usr/include/SDL -D_GNU_SOURCE=1 -D_REENTRANT -pthread '
COVCRAV_LIBS='-lSDL_mixer -lSDL -lconfuse -lgtk-3 -lgdk-3 -lz -lpangocairo-1.0 -lpango-1.0 -lharfbuzz -latk-1.0 -lcairo-gobject -lcairo -lgdk_pixbuf-2.0 -lgio-2.0 -lgobject-2.0 -lglib-2.0 '
CPP='gcc -E'
CPPFLAGS=''
CYGPATH_W='echo'
DATADIRNAME='share'
DEFS='-DHAVE_CONFIG_H'
DEPDIR='.deps'
DLLTOOL='false'
DSYMUTIL=''
DUMPBIN=''
ECHO_C=''
ECHO_N='-n'
ECHO_T=''
EGREP='/usr/bin/grep -E'
EXEEXT=''
FGREP='/usr/bin/grep -F'
GETTEXT_PACKAGE='covcrav'
GMOFILES=''
GMSGFMT='/usr/bin/msgfmt'
GREP='/usr/bin/grep'
INSTALL_DATA='${INSTALL} -m 644'
INSTALL_PROGRAM='${INSTALL}'
INSTALL_SCRIPT='${INSTALL}'
INSTALL_STRIP_PROGRAM='$(install_sh) -c -s'
INSTOBJEXT='.mo'
INTLLIBS=''
INTLTOOL_CAVES_RULE='%.caves:     %.caves.in     $(INTLTOOL_MERGE) $(wildcard $(top_srcdir)/po/*.po) ; $(INTLTOOL_V_MERGE)LC_ALL=C $(INTLTOOL_MERGE) $(INTLTOOL_V_MERGE_OPTIONS) -d -u -c $(top_builddir)/po/.intltool-merge-cache $(top_srcdir)/po $< $@'
INTLTOOL_DESKTOP_RULE='%.desktop:   %.desktop.in   $(INTLTOOL_MERGE) $(wildcard $(top_srcdir)/po/*.po) ; $(INTLTOOL_V_MERGE)LC_ALL=C $(INTLTOOL_MERGE) $(INTLTOOL_V_MERGE_OPTIONS) -d -u -c $(top_builddir)/po/.intltool-merge-cache $(top_srcdir)/po $< $@'
INTLTOOL_DIRECTORY_RULE='%.directory: %.directory.in $(INTLTOOL_MERGE) $(wildcard $(top_srcdir)/po/*.po) ; $(INTLTOOL_V_MERGE)LC_ALL=C $(INTLTOOL_MERGE) $(INTLTOOL_V_MERGE_OPTIONS) -d -u -c $(top_builddir)/po/.intltool-merge-cache $(top_srcdir)/po $< $@'
INTLTOOL_EXTRACT='/usr/bin/intltool-extract'
INTLTOOL_KBD_RULE='%.kbd:       %.kbd.in       $(INTLTOOL_MERGE) $(wildcard $(top_srcdir)/po/*.po) ; $(INTLTOOL_V_MERGE)LC_ALL=C $(INTLTOOL_MERGE) $(INTLTOOL_V_MERGE_OPTIONS) -x -u -m -c $(top_builddir)/po/.intltool-merge-cache $(top_srcdir)/po $< $@'
INTLTOOL_KEYS_RULE='%.keys:      %.keys.in      $(INTLTOOL_MERGE) $(wildcard $(top_srcdir)/po/*.po) ; $(INTLTOOL_V_MERGE)LC_ALL=C $(INTLTOOL_MERGE) $(INTLTOOL_V_MERGE_OPTIONS) -k -u -c $(top_builddir)/po/.intltool-merge-cache $(top_srcdir)/po $< $@'
INTLTOOL_MERGE='/usr/bin/intltool-merge'
INTLTOOL_OAF_RULE='%.oaf:       %.oaf.in       $(INTLTOOL_MERGE) $(wildcard $(top_srcdir)/po/*.po) ; $(INTLTOOL_V_MERGE)LC_ALL=C $(INTLTOOL_MERGE) $(INTLTOOL_V_MERGE_OPTIONS) -o -p $(top_srcdir)/po $< $@'
INTLTOOL_PERL='/usr/bin/perl'
INTLTOOL_POLICY_RULE='%.policy:    %.policy.in    $(INTLTOOL_MERGE) $(wildcard $(top_srcdir)/po/*.po) ; $(INTLTOOL_V_MERGE)LC_ALL=C $(INTLTOOL_MERGE) $(INTLTOOL_V_MERGE_OPTIONS) -x -u -c $(top_builddir)/po/.intltool-merge-cache $(top_srcdir)/po $< $@'
INTLTOOL_PONG_RULE='%.pong:      %.pong.in      $(INTLTOOL_MERGE) $(wildcard $(top_srcdir)/po/*.po) ; $(INTLTOOL_V_MERGE)LC_ALL=C $(INTLTOOL_MERGE) $(INTLTOOL_V_MERGE_OPTIONS) -x -u -c $(top_builddir)/po/.intltool-merge-cache $(top_srcdir)/po $< $@'
INTLTOOL_PROP_RULE='%.prop:      %.prop.in      $(INTLTOOL_MERGE) $(wildcard $(top_srcdir)/po/*.po) ; $(INTLTOOL_V_MERGE)LC_ALL=C $(INTLTOOL_MERGE) $(INTLTOOL_V_MERGE_OPTIONS) -d -u -c $(top_builddir)/po/.intltool-merge-cache $(top_srcdir)/po $< $@'
INTLTOOL_SCHEMAS_RULE='%.schemas:   %.schemas.in   $(INTLTOOL_MERGE) $(wildcard $(top_srcdir)/po/*.po) ; $(INTLTOOL_V_MERGE)LC_ALL=C $(INTLTOOL_MERGE) $(INTLTOOL_V_MERGE_OPTIONS) -s -u -c $(top_builddir)/po/.intltool-merge-cache $(top_srcdir)/po $< $@'
INTLTOOL_SERVER_RULE='%.server:    %.server.in    $(INTLTOOL_MERGE) $(wildcard $(top_srcdir)/po/*.po) ; $(INTLTOOL_V_MERGE)LC_ALL=C $(INTLTOOL_MERGE) $(INTLTOOL_V_MERGE_OPTIONS) -o -u -c $(top_builddir)/po/.intltool-merge-cache $(top_srcdir)/po $< $@'
INTLTOOL_SERVICE_RULE='%.service: %.service.in   $(INTLTOOL_MERGE) $(wildcard $(top_srcdir)/po/*.po) ; $(INTLTOOL_V_MERGE)LC_ALL=C $(INTLTOOL_MERGE) $(INTLTOOL_V_MERGE_OPTIONS) -d -u -c $(top_builddir)/po/.intltool-merge-cache $(top_srcdir)/po $< $@'
INTLTOOL_SHEET_RULE='%.sheet:     %.sheet.in     $(INTLTOOL_MERGE) $(wildcard $(top_srcdir)/po/*.po) ; $(INTLTOOL_V_MERGE)LC_ALL=C $(INTLTOOL_MERGE) $(INTLTOOL_V_MERGE_OPTIONS) -x -u -c $(top_builddir)/po/.intltool-merge-cache $(top_srcdir)/po $< $@'
INTLTOOL_SOUNDLIST_RULE='%.soundlist: %.soundlist.in $(INTLTOOL_MERGE) $(wildcard $(top_srcdir)/po/*.po) ; $(INTLTOOL_V_MERGE)LC_ALL=C $(INTLTOOL_MERGE) $(INTLTOOL_V_MERGE_OPTIONS) -d -u -c $(top_builddir)/po/.intltool-merge-cache $(top_srcdir)/po $< $@'
INTLTOOL_THEME_RULE='%.theme:     %.theme.in     $(INTLTOOL_MERGE) $(wildcard $(top_srcdir)/po/*.po) ; $(INTLTOOL_V_MERGE)LC_ALL=C $(INTLTOOL_MERGE) $(INTLTOOL_V_MERGE_OPTIONS) -d -u -c $(top_builddir)/po/.intltool-merge-cache $(top_srcdir)/po $< $@'
INTLTOOL_UI_RULE='%.ui:        %.ui.in        $(INTLTOOL_MERGE) $(wildcard $(top_srcdir)/po/*.po) ; $(INTLTOOL_V_MERGE)LC_ALL=C $(INTLTOOL_MERGE) $(INTLTOOL_V_MERGE_OPTIONS) -x -u -c $(top_builddir)/po/.intltool-merge-cache $(top_srcdir)/po $< $@'
INTLTOOL_UPDATE='/usr/bin/intltool-update'
INTLTOOL_V_MERGE='$(INTLTOOL__v_MERGE_$(V))'
INTLTOOL_V_MERGE_OPTIONS='$(intltool__v_merge_options_$(V))'
INTLTOOL_XAM_RULE='%.xam:       %.xml.in       $(INTLTOOL_MERGE) $(wildcard $(top_srcdir)/po/*.po) ; $(INTLTOOL_V_MERGE)LC_ALL=C $(INTLTOOL_MERGE) $(INTLTOOL_V_MERGE_OPTIONS) -x -u -c $(top_builddir)/po/.intltool-merge-cache $(top_srcdir)/po $< $@'
INTLTOOL_XML_NOMERGE_RULE='%.xml:       %.xml.in       $(INTLTOOL_MERGE) ; $(INTLTOOL_V_MERGE)LC_ALL=C $(INTLTOOL_MERGE) $(INTLTOOL_V_MERGE_OPTIONS) -x -u --no-translations $< $@'
INTLTOOL_XML_RULE='%.xml:       %.xml.in       $(INTLTOOL_MERGE) $(wildcard $(top_srcdir)/po/*.po) ; $(INTLTOOL_V_MERGE)LC_ALL=C $(INTLTOOL_MERGE) $(INTLTOOL_V_MERGE_OPTIONS) -x -u -c $(top_builddir)/po/.intltool-merge-cache $(top_srcdir)/po $< $@'
INTLTOOL__v_MERGE_0='@echo "  ITMRG " $@;'
INTLTOOL__v_MERGE_='$(INTLTOOL__v_MERGE_$(AM_DEFAULT_VERBOSITY))'
INTL_MACOSX_LIBS=''
LD='/usr/bin/ld -m elf_x86_64'
LDFLAGS=''
LIBOBJS=''
LIBS=''
LIBTOOL='$(SHELL) $(top_builddir)/libtool'
LIPO=''
LN_S='ln -s'
LTLIBOBJS=''
LT_SYS_LIBRARY_PATH=''
MAKEINFO='${SHELL} /var/home/anouarchemek/Documents/covCrav/covCrav/covcrav2/missing makeinfo'
MANIFEST_TOOL=':'
MKDIR_P='/usr/bin/mkdir -p'
MKINSTALLDIRS='./mkinstalldirs'
MSGFMT='/usr/bin/msgfmt'
MSGFMT_OPTS='-c'
MSGMERGE='/usr/bin/msgmerge'
NM='/usr/bin/nm -B'
NMEDIT=''
OBJDUMP='objdump'
OBJEXT='o'
OTOOL64=''
OTOOL=''
PACKAGE='covcrav'
PACKAGE_BUGREPORT=''
PACKAGE_NAME='covcrav'
PACKAGE_STRING='covcrav 2.2'
PACKAGE_TARNAME='covcrav'
PACKAGE_URL=''
PACKAGE_VERSION='2.2'
PATH_SEPARATOR=':'
PKG_CONFIG='/usr/bin/pkg-config'
PKG_CONFIG_LIBDIR=''
PKG_CONFIG_PATH=''
POFILES=''
POSUB='po'
PO_IN_DATADIR_FALSE=''
PO_IN_DATADIR_TRUE=''
RANLIB='ranlib'
SED='/usr/bin/sed'
SET_MAKE=''
SHELL='/bin/sh'
STRIP='strip'
USE_NLS='yes'
VERSION='2.2'
XGETTEXT='/usr/bin/xgettext'
ac_ct_AR='ar'
ac_ct_CC='gcc'
ac_ct_DUMPBIN=''
am__EXEEXT_FALSE=''
am__EXEEXT_TRUE='#'
am__fastdepCC_FALSE='#'
am__fastdepCC_TRUE=''
am__include='include'
am__isrc=''
am__leading_dot='.'
am__nodep='_no'
am__quote=''
am__tar='$${TAR-tar} chof - "$$tardir"'
am__untar='$${TAR-tar} xf -'
bindir='${exec_prefix}/bin'
build='x86_64-pc-linux-gnu'
build_alias=''
build_cpu='x86_64'
build_os='linux-gnu'
build_vendor='pc'
datadir='${datarootdir}'
datarootdir='${prefix}/share'
docdir='${datarootdir}/doc/${PACKAGE_TARNAME}'
dvidir='${docdir}'
exec_prefix='${prefix}'
host='x86_64-pc-linux-gnu'
host_alias=''
host_cpu='x86_64'
host_os='linux-gnu'
host_vendor='pc'
htmldir='${docdir}'
includedir='${prefix}/include'
infodir='${datarootdir}/info'
install_sh='${SHELL} /var/home/anouarchemek/Documents/covCrav/covCrav/covcrav2/install-sh'
intltool__v_merge_options_0='-q'
intltool__v_merge_options_='$(intltool__v_merge_options_$(AM_DEFAULT_VERBOSITY))'
libdir='${exec_prefix}/lib'
libexecdir='${exec_prefix}/libexec'
localedir='${datarootdir}/locale'
localstatedir='${prefix}/var'
mandir='${datarootdir}/man'
mkdir_p='$(MKDIR_P)'
oldincludedir='/usr/include'
pdfdir='${docdir}'
prefix='/usr/local'
program_transform_name='s,x,x,'
psdir='${docdir}'
runstatedir='${localstatedir}/run'
sbindir='${exec_prefix}/sbin'
sharedstatedir='${prefix}/com'
sysconfdir='${prefix}/etc'
target_alias=''

## ----------- ##
## confdefs.h. ##
## ----------- ##

/* confdefs.h */
#define PACKAGE_NAME "covcrav"
#define PACKAGE_TARNAME "covcrav"
#define PACKAGE_VERSION "2.2"
#define PACKAGE_STRING "covcrav 2.2"
#define PACKAGE_BUGREPORT ""
#define PACKAGE_URL ""
#define PACKAGE "covcrav"
#define VERSION "2.2"
#define GETTEXT_PACKAGE "covcrav"
#define STDC_HEADERS 1
#define HAVE_SYS_TYPES_H 1
#define HAVE_SYS_STAT_H 1
#define HAVE_STDLIB_H 1
#define HAVE_STRING_H 1
#define HAVE_MEMORY_H 1
#define HAVE_STRINGS_H 1
#define HAVE_INTTYPES_H 1
#define HAVE_STDINT_H 1
#define HAVE_UNISTD_H 1
#define HAVE_LOCALE_H 1
#define HAVE_LC_MESSAGES 1
#define HAVE_BIND_TEXTDOMAIN_CODESET 1
#define HAVE_GETTEXT 1
#define HAVE_DCGETTEXT 1
#define ENABLE_NLS 1
#define HAVE_DLFCN_H 1
#define LT_OBJDIR ".libs/"

configure: exit 0
